<?xml version="1.0" encoding="UTF-8"?>
<!-- Generated by org.testng.reporters.JUnitReportReporter -->
<testsuite hostname="DESKTOP-GQ9J60K" failures="0" tests="3" name="com.google.selenium.test.test2" time="25.650" errors="0" timestamp="2024-03-01T06:00:35 EET" skipped="0">
  <testcase classname="com.google.selenium.test.test2" name="searchForItem" time="4.077"/>
  <testcase classname="com.google.selenium.test.test2" name="addItem" time="11.146"/>
  <testcase classname="com.google.selenium.test.test2" name="checkOut" time="10.427"/>
</testsuite> <!-- com.google.selenium.test.test2 -->
